<?xml version="1.0" encoding="UTF-8"?>
<testsuite xmlns:xsi="http://www.w3.org/2001/XMLSchema-instance" xsi:noNamespaceSchemaLocation="https://maven.apache.org/surefire/maven-surefire-plugin/xsd/surefire-test-report.xsd" name="ProfiiliTest" time="0.015" tests="4" errors="0" skipped="0" failures="0">
  <properties>
[...]
</properties>
  <testcase name="getNimiTest" classname="ProfiiliTest" time="0"/>
  <testcase name="getIkaTest" classname="ProfiiliTest" time="0"/>
  <testcase name="getAlennusOpiskelija" classname="ProfiiliTest" time="0"/>
  <testcase name="getAlennus" classname="ProfiiliTest" time="0"/>
</testsuite>